{"meta": {"version": "5.3", "timestamp": "2020-10-19T09:47:11.220151", "branch_coverage": false, "show_contexts": false}, "files": {"samples/foobar/foobar.py": {"executed_lines": [5, 12, 15, 18, 19, 20, 21, 22, 23], "summary": {"covered_lines": 9, "num_statements": 19, "percent_covered": 47.36842105263158, "missing_lines": 10, "excluded_lines": 0}, "missing_lines": [3, 4, 7, 8, 10, 11, 14, 17, 25, 26], "excluded_lines": []}}, "totals": {"covered_lines": 9, "num_statements": 19, "percent_covered": 47.36842105263158, "missing_lines": 10, "excluded_lines": 0}}